C:\USERS\MOSDEO\DOCUMENTS\VISUAL STUDIO 2012\PROJECTS\資工系-設計模式\FINAL PROJECT\DEBUG\VC110.PDB
C:\USERS\MOSDEO\DOCUMENTS\VISUAL STUDIO 2012\PROJECTS\資工系-設計模式\FINAL PROJECT\DEBUG\MAIN.OBJ
C:\USERS\MOSDEO\DOCUMENTS\VISUAL STUDIO 2012\PROJECTS\資工系-設計模式\DEBUG\FINAL PROJECT.ILK
C:\USERS\MOSDEO\DOCUMENTS\VISUAL STUDIO 2012\PROJECTS\資工系-設計模式\DEBUG\FINAL PROJECT.EXE
C:\USERS\MOSDEO\DOCUMENTS\VISUAL STUDIO 2012\PROJECTS\資工系-設計模式\DEBUG\FINAL PROJECT.PDB
C:\Users\mosdeo\Documents\Visual Studio 2012\Projects\資工系-設計模式\Final Project\Debug\main.obj
C:\Users\mosdeo\Documents\Visual Studio 2012\Projects\資工系-設計模式\Final Project\Debug\cl.command.1.tlog
C:\Users\mosdeo\Documents\Visual Studio 2012\Projects\資工系-設計模式\Final Project\Debug\CL.read.1.tlog
C:\Users\mosdeo\Documents\Visual Studio 2012\Projects\資工系-設計模式\Final Project\Debug\CL.write.1.tlog
C:\Users\mosdeo\Documents\Visual Studio 2012\Projects\資工系-設計模式\Final Project\Debug\link-cvtres.read.1.tlog
C:\Users\mosdeo\Documents\Visual Studio 2012\Projects\資工系-設計模式\Final Project\Debug\link-cvtres.write.1.tlog
C:\Users\mosdeo\Documents\Visual Studio 2012\Projects\資工系-設計模式\Final Project\Debug\link-rc.read.1.tlog
C:\Users\mosdeo\Documents\Visual Studio 2012\Projects\資工系-設計模式\Final Project\Debug\link-rc.write.1.tlog
C:\Users\mosdeo\Documents\Visual Studio 2012\Projects\資工系-設計模式\Final Project\Debug\link.1948-cvtres.read.1.tlog
C:\Users\mosdeo\Documents\Visual Studio 2012\Projects\資工系-設計模式\Final Project\Debug\link.1948-cvtres.write.1.tlog
C:\Users\mosdeo\Documents\Visual Studio 2012\Projects\資工系-設計模式\Final Project\Debug\link.1948-rc.read.1.tlog
C:\Users\mosdeo\Documents\Visual Studio 2012\Projects\資工系-設計模式\Final Project\Debug\link.1948-rc.write.1.tlog
C:\Users\mosdeo\Documents\Visual Studio 2012\Projects\資工系-設計模式\Final Project\Debug\link.1948.read.1.tlog
C:\Users\mosdeo\Documents\Visual Studio 2012\Projects\資工系-設計模式\Final Project\Debug\link.1948.write.1.tlog
C:\Users\mosdeo\Documents\Visual Studio 2012\Projects\資工系-設計模式\Final Project\Debug\link.4404-cvtres.read.1.tlog
C:\Users\mosdeo\Documents\Visual Studio 2012\Projects\資工系-設計模式\Final Project\Debug\link.4404-cvtres.write.1.tlog
C:\Users\mosdeo\Documents\Visual Studio 2012\Projects\資工系-設計模式\Final Project\Debug\link.4404-rc.read.1.tlog
C:\Users\mosdeo\Documents\Visual Studio 2012\Projects\資工系-設計模式\Final Project\Debug\link.4404-rc.write.1.tlog
C:\Users\mosdeo\Documents\Visual Studio 2012\Projects\資工系-設計模式\Final Project\Debug\link.4404.read.1.tlog
C:\Users\mosdeo\Documents\Visual Studio 2012\Projects\資工系-設計模式\Final Project\Debug\link.4404.write.1.tlog
C:\Users\mosdeo\Documents\Visual Studio 2012\Projects\資工系-設計模式\Final Project\Debug\link.command.1.tlog
C:\Users\mosdeo\Documents\Visual Studio 2012\Projects\資工系-設計模式\Final Project\Debug\link.read.1.tlog
C:\Users\mosdeo\Documents\Visual Studio 2012\Projects\資工系-設計模式\Final Project\Debug\link.write.1.tlog
C:\Users\mosdeo\Documents\Visual Studio 2012\Projects\資工系-設計模式\Final Project\Debug\vc110.idb
C:\Users\mosdeo\Documents\Visual Studio 2012\Projects\資工系-設計模式\Final Project\Debug\vc110.pdb
C:\Users\mosdeo\Documents\Visual Studio 2012\Projects\資工系-設計模式\Debug\Final Project.pdb
C:\Users\mosdeo\Documents\Visual Studio 2012\Projects\資工系-設計模式\Debug\Final Project.exe
C:\Users\mosdeo\Documents\Visual Studio 2012\Projects\資工系-設計模式\Debug\Final Project.ilk
