C:\USERS\MOSDEO\DOCUMENTS\VISUAL STUDIO 2012\PROJECTS\資工系-設計模式\PROJECT3 - DECORATOR PATTERN\DEBUG\MAIN.OBJ
C:\USERS\MOSDEO\DOCUMENTS\VISUAL STUDIO 2012\PROJECTS\資工系-設計模式\PROJECT3 - DECORATOR PATTERN\DEBUG\VC110.PDB
C:\USERS\MOSDEO\DOCUMENTS\VISUAL STUDIO 2012\PROJECTS\資工系-設計模式\DEBUG\PROJECT3 - DECORATOR PATTERN.ILK
C:\USERS\MOSDEO\DOCUMENTS\VISUAL STUDIO 2012\PROJECTS\資工系-設計模式\DEBUG\PROJECT3 - DECORATOR PATTERN.EXE
C:\USERS\MOSDEO\DOCUMENTS\VISUAL STUDIO 2012\PROJECTS\資工系-設計模式\DEBUG\PROJECT3 - DECORATOR PATTERN.PDB
C:\Users\mosdeo\Documents\Visual Studio 2012\Projects\資工系-設計模式\Project3 - Decorator Pattern\Debug\main.obj
C:\Users\mosdeo\Documents\Visual Studio 2012\Projects\資工系-設計模式\Project3 - Decorator Pattern\Debug\cl.command.1.tlog
C:\Users\mosdeo\Documents\Visual Studio 2012\Projects\資工系-設計模式\Project3 - Decorator Pattern\Debug\CL.read.1.tlog
C:\Users\mosdeo\Documents\Visual Studio 2012\Projects\資工系-設計模式\Project3 - Decorator Pattern\Debug\CL.write.1.tlog
C:\Users\mosdeo\Documents\Visual Studio 2012\Projects\資工系-設計模式\Project3 - Decorator Pattern\Debug\link-cvtres.read.1.tlog
C:\Users\mosdeo\Documents\Visual Studio 2012\Projects\資工系-設計模式\Project3 - Decorator Pattern\Debug\link-cvtres.write.1.tlog
C:\Users\mosdeo\Documents\Visual Studio 2012\Projects\資工系-設計模式\Project3 - Decorator Pattern\Debug\link-rc.read.1.tlog
C:\Users\mosdeo\Documents\Visual Studio 2012\Projects\資工系-設計模式\Project3 - Decorator Pattern\Debug\link-rc.write.1.tlog
C:\Users\mosdeo\Documents\Visual Studio 2012\Projects\資工系-設計模式\Project3 - Decorator Pattern\Debug\link.2172-cvtres.read.1.tlog
C:\Users\mosdeo\Documents\Visual Studio 2012\Projects\資工系-設計模式\Project3 - Decorator Pattern\Debug\link.2172-cvtres.write.1.tlog
C:\Users\mosdeo\Documents\Visual Studio 2012\Projects\資工系-設計模式\Project3 - Decorator Pattern\Debug\link.2172-rc.read.1.tlog
C:\Users\mosdeo\Documents\Visual Studio 2012\Projects\資工系-設計模式\Project3 - Decorator Pattern\Debug\link.2172-rc.write.1.tlog
C:\Users\mosdeo\Documents\Visual Studio 2012\Projects\資工系-設計模式\Project3 - Decorator Pattern\Debug\link.2172.read.1.tlog
C:\Users\mosdeo\Documents\Visual Studio 2012\Projects\資工系-設計模式\Project3 - Decorator Pattern\Debug\link.2172.write.1.tlog
C:\Users\mosdeo\Documents\Visual Studio 2012\Projects\資工系-設計模式\Project3 - Decorator Pattern\Debug\link.3112-cvtres.read.1.tlog
C:\Users\mosdeo\Documents\Visual Studio 2012\Projects\資工系-設計模式\Project3 - Decorator Pattern\Debug\link.3112-cvtres.write.1.tlog
C:\Users\mosdeo\Documents\Visual Studio 2012\Projects\資工系-設計模式\Project3 - Decorator Pattern\Debug\link.3112-rc.read.1.tlog
C:\Users\mosdeo\Documents\Visual Studio 2012\Projects\資工系-設計模式\Project3 - Decorator Pattern\Debug\link.3112-rc.write.1.tlog
C:\Users\mosdeo\Documents\Visual Studio 2012\Projects\資工系-設計模式\Project3 - Decorator Pattern\Debug\link.3112.read.1.tlog
C:\Users\mosdeo\Documents\Visual Studio 2012\Projects\資工系-設計模式\Project3 - Decorator Pattern\Debug\link.3112.write.1.tlog
C:\Users\mosdeo\Documents\Visual Studio 2012\Projects\資工系-設計模式\Project3 - Decorator Pattern\Debug\link.3152-cvtres.read.1.tlog
C:\Users\mosdeo\Documents\Visual Studio 2012\Projects\資工系-設計模式\Project3 - Decorator Pattern\Debug\link.3152-cvtres.write.1.tlog
C:\Users\mosdeo\Documents\Visual Studio 2012\Projects\資工系-設計模式\Project3 - Decorator Pattern\Debug\link.3152-rc.read.1.tlog
C:\Users\mosdeo\Documents\Visual Studio 2012\Projects\資工系-設計模式\Project3 - Decorator Pattern\Debug\link.3152-rc.write.1.tlog
C:\Users\mosdeo\Documents\Visual Studio 2012\Projects\資工系-設計模式\Project3 - Decorator Pattern\Debug\link.3152.read.1.tlog
C:\Users\mosdeo\Documents\Visual Studio 2012\Projects\資工系-設計模式\Project3 - Decorator Pattern\Debug\link.3152.write.1.tlog
C:\Users\mosdeo\Documents\Visual Studio 2012\Projects\資工系-設計模式\Project3 - Decorator Pattern\Debug\link.3424-cvtres.read.1.tlog
C:\Users\mosdeo\Documents\Visual Studio 2012\Projects\資工系-設計模式\Project3 - Decorator Pattern\Debug\link.3424-cvtres.write.1.tlog
C:\Users\mosdeo\Documents\Visual Studio 2012\Projects\資工系-設計模式\Project3 - Decorator Pattern\Debug\link.3424-rc.read.1.tlog
C:\Users\mosdeo\Documents\Visual Studio 2012\Projects\資工系-設計模式\Project3 - Decorator Pattern\Debug\link.3424-rc.write.1.tlog
C:\Users\mosdeo\Documents\Visual Studio 2012\Projects\資工系-設計模式\Project3 - Decorator Pattern\Debug\link.3424.read.1.tlog
C:\Users\mosdeo\Documents\Visual Studio 2012\Projects\資工系-設計模式\Project3 - Decorator Pattern\Debug\link.3424.write.1.tlog
C:\Users\mosdeo\Documents\Visual Studio 2012\Projects\資工系-設計模式\Project3 - Decorator Pattern\Debug\link.3832-cvtres.read.1.tlog
C:\Users\mosdeo\Documents\Visual Studio 2012\Projects\資工系-設計模式\Project3 - Decorator Pattern\Debug\link.3832-cvtres.write.1.tlog
C:\Users\mosdeo\Documents\Visual Studio 2012\Projects\資工系-設計模式\Project3 - Decorator Pattern\Debug\link.3832-rc.read.1.tlog
C:\Users\mosdeo\Documents\Visual Studio 2012\Projects\資工系-設計模式\Project3 - Decorator Pattern\Debug\link.3832-rc.write.1.tlog
C:\Users\mosdeo\Documents\Visual Studio 2012\Projects\資工系-設計模式\Project3 - Decorator Pattern\Debug\link.3832.read.1.tlog
C:\Users\mosdeo\Documents\Visual Studio 2012\Projects\資工系-設計模式\Project3 - Decorator Pattern\Debug\link.3832.write.1.tlog
C:\Users\mosdeo\Documents\Visual Studio 2012\Projects\資工系-設計模式\Project3 - Decorator Pattern\Debug\link.5232-cvtres.read.1.tlog
C:\Users\mosdeo\Documents\Visual Studio 2012\Projects\資工系-設計模式\Project3 - Decorator Pattern\Debug\link.5232-cvtres.write.1.tlog
C:\Users\mosdeo\Documents\Visual Studio 2012\Projects\資工系-設計模式\Project3 - Decorator Pattern\Debug\link.5232-rc.read.1.tlog
C:\Users\mosdeo\Documents\Visual Studio 2012\Projects\資工系-設計模式\Project3 - Decorator Pattern\Debug\link.5232-rc.write.1.tlog
C:\Users\mosdeo\Documents\Visual Studio 2012\Projects\資工系-設計模式\Project3 - Decorator Pattern\Debug\link.5232.read.1.tlog
C:\Users\mosdeo\Documents\Visual Studio 2012\Projects\資工系-設計模式\Project3 - Decorator Pattern\Debug\link.5232.write.1.tlog
C:\Users\mosdeo\Documents\Visual Studio 2012\Projects\資工系-設計模式\Project3 - Decorator Pattern\Debug\link.6096-cvtres.read.1.tlog
C:\Users\mosdeo\Documents\Visual Studio 2012\Projects\資工系-設計模式\Project3 - Decorator Pattern\Debug\link.6096-cvtres.write.1.tlog
C:\Users\mosdeo\Documents\Visual Studio 2012\Projects\資工系-設計模式\Project3 - Decorator Pattern\Debug\link.6096-rc.read.1.tlog
C:\Users\mosdeo\Documents\Visual Studio 2012\Projects\資工系-設計模式\Project3 - Decorator Pattern\Debug\link.6096-rc.write.1.tlog
C:\Users\mosdeo\Documents\Visual Studio 2012\Projects\資工系-設計模式\Project3 - Decorator Pattern\Debug\link.6096.read.1.tlog
C:\Users\mosdeo\Documents\Visual Studio 2012\Projects\資工系-設計模式\Project3 - Decorator Pattern\Debug\link.6096.write.1.tlog
C:\Users\mosdeo\Documents\Visual Studio 2012\Projects\資工系-設計模式\Project3 - Decorator Pattern\Debug\link.6164-cvtres.read.1.tlog
C:\Users\mosdeo\Documents\Visual Studio 2012\Projects\資工系-設計模式\Project3 - Decorator Pattern\Debug\link.6164-cvtres.write.1.tlog
C:\Users\mosdeo\Documents\Visual Studio 2012\Projects\資工系-設計模式\Project3 - Decorator Pattern\Debug\link.6164-rc.read.1.tlog
C:\Users\mosdeo\Documents\Visual Studio 2012\Projects\資工系-設計模式\Project3 - Decorator Pattern\Debug\link.6164-rc.write.1.tlog
C:\Users\mosdeo\Documents\Visual Studio 2012\Projects\資工系-設計模式\Project3 - Decorator Pattern\Debug\link.6164.read.1.tlog
C:\Users\mosdeo\Documents\Visual Studio 2012\Projects\資工系-設計模式\Project3 - Decorator Pattern\Debug\link.6164.write.1.tlog
C:\Users\mosdeo\Documents\Visual Studio 2012\Projects\資工系-設計模式\Project3 - Decorator Pattern\Debug\link.6236-cvtres.read.1.tlog
C:\Users\mosdeo\Documents\Visual Studio 2012\Projects\資工系-設計模式\Project3 - Decorator Pattern\Debug\link.6236-cvtres.write.1.tlog
C:\Users\mosdeo\Documents\Visual Studio 2012\Projects\資工系-設計模式\Project3 - Decorator Pattern\Debug\link.6236-rc.read.1.tlog
C:\Users\mosdeo\Documents\Visual Studio 2012\Projects\資工系-設計模式\Project3 - Decorator Pattern\Debug\link.6236-rc.write.1.tlog
C:\Users\mosdeo\Documents\Visual Studio 2012\Projects\資工系-設計模式\Project3 - Decorator Pattern\Debug\link.6236.read.1.tlog
C:\Users\mosdeo\Documents\Visual Studio 2012\Projects\資工系-設計模式\Project3 - Decorator Pattern\Debug\link.6236.write.1.tlog
C:\Users\mosdeo\Documents\Visual Studio 2012\Projects\資工系-設計模式\Project3 - Decorator Pattern\Debug\link.6460-cvtres.read.1.tlog
C:\Users\mosdeo\Documents\Visual Studio 2012\Projects\資工系-設計模式\Project3 - Decorator Pattern\Debug\link.6460-cvtres.write.1.tlog
C:\Users\mosdeo\Documents\Visual Studio 2012\Projects\資工系-設計模式\Project3 - Decorator Pattern\Debug\link.6460-rc.read.1.tlog
C:\Users\mosdeo\Documents\Visual Studio 2012\Projects\資工系-設計模式\Project3 - Decorator Pattern\Debug\link.6460-rc.write.1.tlog
C:\Users\mosdeo\Documents\Visual Studio 2012\Projects\資工系-設計模式\Project3 - Decorator Pattern\Debug\link.6460.read.1.tlog
C:\Users\mosdeo\Documents\Visual Studio 2012\Projects\資工系-設計模式\Project3 - Decorator Pattern\Debug\link.6460.write.1.tlog
C:\Users\mosdeo\Documents\Visual Studio 2012\Projects\資工系-設計模式\Project3 - Decorator Pattern\Debug\link.6464-cvtres.read.1.tlog
C:\Users\mosdeo\Documents\Visual Studio 2012\Projects\資工系-設計模式\Project3 - Decorator Pattern\Debug\link.6464-cvtres.write.1.tlog
C:\Users\mosdeo\Documents\Visual Studio 2012\Projects\資工系-設計模式\Project3 - Decorator Pattern\Debug\link.6464-rc.read.1.tlog
C:\Users\mosdeo\Documents\Visual Studio 2012\Projects\資工系-設計模式\Project3 - Decorator Pattern\Debug\link.6464-rc.write.1.tlog
C:\Users\mosdeo\Documents\Visual Studio 2012\Projects\資工系-設計模式\Project3 - Decorator Pattern\Debug\link.6464.read.1.tlog
C:\Users\mosdeo\Documents\Visual Studio 2012\Projects\資工系-設計模式\Project3 - Decorator Pattern\Debug\link.6464.write.1.tlog
C:\Users\mosdeo\Documents\Visual Studio 2012\Projects\資工系-設計模式\Project3 - Decorator Pattern\Debug\link.6904-cvtres.read.1.tlog
C:\Users\mosdeo\Documents\Visual Studio 2012\Projects\資工系-設計模式\Project3 - Decorator Pattern\Debug\link.6904-cvtres.write.1.tlog
C:\Users\mosdeo\Documents\Visual Studio 2012\Projects\資工系-設計模式\Project3 - Decorator Pattern\Debug\link.6904-rc.read.1.tlog
C:\Users\mosdeo\Documents\Visual Studio 2012\Projects\資工系-設計模式\Project3 - Decorator Pattern\Debug\link.6904-rc.write.1.tlog
C:\Users\mosdeo\Documents\Visual Studio 2012\Projects\資工系-設計模式\Project3 - Decorator Pattern\Debug\link.6904.read.1.tlog
C:\Users\mosdeo\Documents\Visual Studio 2012\Projects\資工系-設計模式\Project3 - Decorator Pattern\Debug\link.6904.write.1.tlog
C:\Users\mosdeo\Documents\Visual Studio 2012\Projects\資工系-設計模式\Project3 - Decorator Pattern\Debug\link.7312-cvtres.read.1.tlog
C:\Users\mosdeo\Documents\Visual Studio 2012\Projects\資工系-設計模式\Project3 - Decorator Pattern\Debug\link.7312-cvtres.write.1.tlog
C:\Users\mosdeo\Documents\Visual Studio 2012\Projects\資工系-設計模式\Project3 - Decorator Pattern\Debug\link.7312-rc.read.1.tlog
C:\Users\mosdeo\Documents\Visual Studio 2012\Projects\資工系-設計模式\Project3 - Decorator Pattern\Debug\link.7312-rc.write.1.tlog
C:\Users\mosdeo\Documents\Visual Studio 2012\Projects\資工系-設計模式\Project3 - Decorator Pattern\Debug\link.7312.read.1.tlog
C:\Users\mosdeo\Documents\Visual Studio 2012\Projects\資工系-設計模式\Project3 - Decorator Pattern\Debug\link.7312.write.1.tlog
C:\Users\mosdeo\Documents\Visual Studio 2012\Projects\資工系-設計模式\Project3 - Decorator Pattern\Debug\link.7336-cvtres.read.1.tlog
C:\Users\mosdeo\Documents\Visual Studio 2012\Projects\資工系-設計模式\Project3 - Decorator Pattern\Debug\link.7336-cvtres.write.1.tlog
C:\Users\mosdeo\Documents\Visual Studio 2012\Projects\資工系-設計模式\Project3 - Decorator Pattern\Debug\link.7336-rc.read.1.tlog
C:\Users\mosdeo\Documents\Visual Studio 2012\Projects\資工系-設計模式\Project3 - Decorator Pattern\Debug\link.7336-rc.write.1.tlog
C:\Users\mosdeo\Documents\Visual Studio 2012\Projects\資工系-設計模式\Project3 - Decorator Pattern\Debug\link.7336.read.1.tlog
C:\Users\mosdeo\Documents\Visual Studio 2012\Projects\資工系-設計模式\Project3 - Decorator Pattern\Debug\link.7336.write.1.tlog
C:\Users\mosdeo\Documents\Visual Studio 2012\Projects\資工系-設計模式\Project3 - Decorator Pattern\Debug\link.7784-cvtres.read.1.tlog
C:\Users\mosdeo\Documents\Visual Studio 2012\Projects\資工系-設計模式\Project3 - Decorator Pattern\Debug\link.7784-cvtres.write.1.tlog
C:\Users\mosdeo\Documents\Visual Studio 2012\Projects\資工系-設計模式\Project3 - Decorator Pattern\Debug\link.7784-rc.read.1.tlog
C:\Users\mosdeo\Documents\Visual Studio 2012\Projects\資工系-設計模式\Project3 - Decorator Pattern\Debug\link.7784-rc.write.1.tlog
C:\Users\mosdeo\Documents\Visual Studio 2012\Projects\資工系-設計模式\Project3 - Decorator Pattern\Debug\link.7784.read.1.tlog
C:\Users\mosdeo\Documents\Visual Studio 2012\Projects\資工系-設計模式\Project3 - Decorator Pattern\Debug\link.7784.write.1.tlog
C:\Users\mosdeo\Documents\Visual Studio 2012\Projects\資工系-設計模式\Project3 - Decorator Pattern\Debug\link.7856-cvtres.read.1.tlog
C:\Users\mosdeo\Documents\Visual Studio 2012\Projects\資工系-設計模式\Project3 - Decorator Pattern\Debug\link.7856-cvtres.write.1.tlog
C:\Users\mosdeo\Documents\Visual Studio 2012\Projects\資工系-設計模式\Project3 - Decorator Pattern\Debug\link.7856-rc.read.1.tlog
C:\Users\mosdeo\Documents\Visual Studio 2012\Projects\資工系-設計模式\Project3 - Decorator Pattern\Debug\link.7856-rc.write.1.tlog
C:\Users\mosdeo\Documents\Visual Studio 2012\Projects\資工系-設計模式\Project3 - Decorator Pattern\Debug\link.7856.read.1.tlog
C:\Users\mosdeo\Documents\Visual Studio 2012\Projects\資工系-設計模式\Project3 - Decorator Pattern\Debug\link.7856.write.1.tlog
C:\Users\mosdeo\Documents\Visual Studio 2012\Projects\資工系-設計模式\Project3 - Decorator Pattern\Debug\link.8164-cvtres.read.1.tlog
C:\Users\mosdeo\Documents\Visual Studio 2012\Projects\資工系-設計模式\Project3 - Decorator Pattern\Debug\link.8164-cvtres.write.1.tlog
C:\Users\mosdeo\Documents\Visual Studio 2012\Projects\資工系-設計模式\Project3 - Decorator Pattern\Debug\link.8164-rc.read.1.tlog
C:\Users\mosdeo\Documents\Visual Studio 2012\Projects\資工系-設計模式\Project3 - Decorator Pattern\Debug\link.8164-rc.write.1.tlog
C:\Users\mosdeo\Documents\Visual Studio 2012\Projects\資工系-設計模式\Project3 - Decorator Pattern\Debug\link.8164.read.1.tlog
C:\Users\mosdeo\Documents\Visual Studio 2012\Projects\資工系-設計模式\Project3 - Decorator Pattern\Debug\link.8164.write.1.tlog
C:\Users\mosdeo\Documents\Visual Studio 2012\Projects\資工系-設計模式\Project3 - Decorator Pattern\Debug\link.command.1.tlog
C:\Users\mosdeo\Documents\Visual Studio 2012\Projects\資工系-設計模式\Project3 - Decorator Pattern\Debug\link.read.1.tlog
C:\Users\mosdeo\Documents\Visual Studio 2012\Projects\資工系-設計模式\Project3 - Decorator Pattern\Debug\link.write.1.tlog
C:\Users\mosdeo\Documents\Visual Studio 2012\Projects\資工系-設計模式\Project3 - Decorator Pattern\Debug\vc110.idb
C:\Users\mosdeo\Documents\Visual Studio 2012\Projects\資工系-設計模式\Project3 - Decorator Pattern\Debug\vc110.pdb
C:\Users\mosdeo\Documents\Visual Studio 2012\Projects\資工系-設計模式\Debug\Project3 - Decorator Pattern.pdb
C:\Users\mosdeo\Documents\Visual Studio 2012\Projects\資工系-設計模式\Debug\Project3 - Decorator Pattern.exe
C:\Users\mosdeo\Documents\Visual Studio 2012\Projects\資工系-設計模式\Debug\Project3 - Decorator Pattern.ilk
