C:\USERS\MOSDEO\DOCUMENTS\VISUAL STUDIO 2012\PROJECTS\資工系-設計模式\PROJECT5 - COMMAND PATTERN\DEBUG\VC110.PDB
C:\USERS\MOSDEO\DOCUMENTS\VISUAL STUDIO 2012\PROJECTS\資工系-設計模式\PROJECT5 - COMMAND PATTERN\DEBUG\MAIN2.OBJ
C:\USERS\MOSDEO\DOCUMENTS\VISUAL STUDIO 2012\PROJECTS\資工系-設計模式\DEBUG\PROJECT5 - COMMAND PATTERN.ILK
C:\USERS\MOSDEO\DOCUMENTS\VISUAL STUDIO 2012\PROJECTS\資工系-設計模式\DEBUG\PROJECT5 - COMMAND PATTERN.EXE
C:\USERS\MOSDEO\DOCUMENTS\VISUAL STUDIO 2012\PROJECTS\資工系-設計模式\DEBUG\PROJECT5 - COMMAND PATTERN.PDB
C:\Users\mosdeo\Documents\Visual Studio 2012\Projects\資工系-設計模式\Project5 - Command Pattern\Debug\main2.obj
C:\Users\mosdeo\Documents\Visual Studio 2012\Projects\資工系-設計模式\Project5 - Command Pattern\Debug\cl.command.1.tlog
C:\Users\mosdeo\Documents\Visual Studio 2012\Projects\資工系-設計模式\Project5 - Command Pattern\Debug\CL.read.1.tlog
C:\Users\mosdeo\Documents\Visual Studio 2012\Projects\資工系-設計模式\Project5 - Command Pattern\Debug\CL.write.1.tlog
C:\Users\mosdeo\Documents\Visual Studio 2012\Projects\資工系-設計模式\Project5 - Command Pattern\Debug\link-cvtres.read.1.tlog
C:\Users\mosdeo\Documents\Visual Studio 2012\Projects\資工系-設計模式\Project5 - Command Pattern\Debug\link-cvtres.write.1.tlog
C:\Users\mosdeo\Documents\Visual Studio 2012\Projects\資工系-設計模式\Project5 - Command Pattern\Debug\link-rc.read.1.tlog
C:\Users\mosdeo\Documents\Visual Studio 2012\Projects\資工系-設計模式\Project5 - Command Pattern\Debug\link-rc.write.1.tlog
C:\Users\mosdeo\Documents\Visual Studio 2012\Projects\資工系-設計模式\Project5 - Command Pattern\Debug\link.2840-cvtres.read.1.tlog
C:\Users\mosdeo\Documents\Visual Studio 2012\Projects\資工系-設計模式\Project5 - Command Pattern\Debug\link.2840-cvtres.write.1.tlog
C:\Users\mosdeo\Documents\Visual Studio 2012\Projects\資工系-設計模式\Project5 - Command Pattern\Debug\link.2840-rc.read.1.tlog
C:\Users\mosdeo\Documents\Visual Studio 2012\Projects\資工系-設計模式\Project5 - Command Pattern\Debug\link.2840-rc.write.1.tlog
C:\Users\mosdeo\Documents\Visual Studio 2012\Projects\資工系-設計模式\Project5 - Command Pattern\Debug\link.2840.read.1.tlog
C:\Users\mosdeo\Documents\Visual Studio 2012\Projects\資工系-設計模式\Project5 - Command Pattern\Debug\link.2840.write.1.tlog
C:\Users\mosdeo\Documents\Visual Studio 2012\Projects\資工系-設計模式\Project5 - Command Pattern\Debug\link.3420-cvtres.read.1.tlog
C:\Users\mosdeo\Documents\Visual Studio 2012\Projects\資工系-設計模式\Project5 - Command Pattern\Debug\link.3420-cvtres.write.1.tlog
C:\Users\mosdeo\Documents\Visual Studio 2012\Projects\資工系-設計模式\Project5 - Command Pattern\Debug\link.3420-rc.read.1.tlog
C:\Users\mosdeo\Documents\Visual Studio 2012\Projects\資工系-設計模式\Project5 - Command Pattern\Debug\link.3420-rc.write.1.tlog
C:\Users\mosdeo\Documents\Visual Studio 2012\Projects\資工系-設計模式\Project5 - Command Pattern\Debug\link.3420.read.1.tlog
C:\Users\mosdeo\Documents\Visual Studio 2012\Projects\資工系-設計模式\Project5 - Command Pattern\Debug\link.3420.write.1.tlog
C:\Users\mosdeo\Documents\Visual Studio 2012\Projects\資工系-設計模式\Project5 - Command Pattern\Debug\link.4172-cvtres.read.1.tlog
C:\Users\mosdeo\Documents\Visual Studio 2012\Projects\資工系-設計模式\Project5 - Command Pattern\Debug\link.4172-cvtres.write.1.tlog
C:\Users\mosdeo\Documents\Visual Studio 2012\Projects\資工系-設計模式\Project5 - Command Pattern\Debug\link.4172-rc.read.1.tlog
C:\Users\mosdeo\Documents\Visual Studio 2012\Projects\資工系-設計模式\Project5 - Command Pattern\Debug\link.4172-rc.write.1.tlog
C:\Users\mosdeo\Documents\Visual Studio 2012\Projects\資工系-設計模式\Project5 - Command Pattern\Debug\link.4172.read.1.tlog
C:\Users\mosdeo\Documents\Visual Studio 2012\Projects\資工系-設計模式\Project5 - Command Pattern\Debug\link.4172.write.1.tlog
C:\Users\mosdeo\Documents\Visual Studio 2012\Projects\資工系-設計模式\Project5 - Command Pattern\Debug\link.4476-cvtres.read.1.tlog
C:\Users\mosdeo\Documents\Visual Studio 2012\Projects\資工系-設計模式\Project5 - Command Pattern\Debug\link.4476-cvtres.write.1.tlog
C:\Users\mosdeo\Documents\Visual Studio 2012\Projects\資工系-設計模式\Project5 - Command Pattern\Debug\link.4476-rc.read.1.tlog
C:\Users\mosdeo\Documents\Visual Studio 2012\Projects\資工系-設計模式\Project5 - Command Pattern\Debug\link.4476-rc.write.1.tlog
C:\Users\mosdeo\Documents\Visual Studio 2012\Projects\資工系-設計模式\Project5 - Command Pattern\Debug\link.4476.read.1.tlog
C:\Users\mosdeo\Documents\Visual Studio 2012\Projects\資工系-設計模式\Project5 - Command Pattern\Debug\link.4476.write.1.tlog
C:\Users\mosdeo\Documents\Visual Studio 2012\Projects\資工系-設計模式\Project5 - Command Pattern\Debug\link.4620-cvtres.read.1.tlog
C:\Users\mosdeo\Documents\Visual Studio 2012\Projects\資工系-設計模式\Project5 - Command Pattern\Debug\link.4620-cvtres.write.1.tlog
C:\Users\mosdeo\Documents\Visual Studio 2012\Projects\資工系-設計模式\Project5 - Command Pattern\Debug\link.4620-rc.read.1.tlog
C:\Users\mosdeo\Documents\Visual Studio 2012\Projects\資工系-設計模式\Project5 - Command Pattern\Debug\link.4620-rc.write.1.tlog
C:\Users\mosdeo\Documents\Visual Studio 2012\Projects\資工系-設計模式\Project5 - Command Pattern\Debug\link.4620.read.1.tlog
C:\Users\mosdeo\Documents\Visual Studio 2012\Projects\資工系-設計模式\Project5 - Command Pattern\Debug\link.4620.write.1.tlog
C:\Users\mosdeo\Documents\Visual Studio 2012\Projects\資工系-設計模式\Project5 - Command Pattern\Debug\link.5048-cvtres.read.1.tlog
C:\Users\mosdeo\Documents\Visual Studio 2012\Projects\資工系-設計模式\Project5 - Command Pattern\Debug\link.5048-cvtres.write.1.tlog
C:\Users\mosdeo\Documents\Visual Studio 2012\Projects\資工系-設計模式\Project5 - Command Pattern\Debug\link.5048-rc.read.1.tlog
C:\Users\mosdeo\Documents\Visual Studio 2012\Projects\資工系-設計模式\Project5 - Command Pattern\Debug\link.5048-rc.write.1.tlog
C:\Users\mosdeo\Documents\Visual Studio 2012\Projects\資工系-設計模式\Project5 - Command Pattern\Debug\link.5048.read.1.tlog
C:\Users\mosdeo\Documents\Visual Studio 2012\Projects\資工系-設計模式\Project5 - Command Pattern\Debug\link.5048.write.1.tlog
C:\Users\mosdeo\Documents\Visual Studio 2012\Projects\資工系-設計模式\Project5 - Command Pattern\Debug\link.6192-cvtres.read.1.tlog
C:\Users\mosdeo\Documents\Visual Studio 2012\Projects\資工系-設計模式\Project5 - Command Pattern\Debug\link.6192-cvtres.write.1.tlog
C:\Users\mosdeo\Documents\Visual Studio 2012\Projects\資工系-設計模式\Project5 - Command Pattern\Debug\link.6192-rc.read.1.tlog
C:\Users\mosdeo\Documents\Visual Studio 2012\Projects\資工系-設計模式\Project5 - Command Pattern\Debug\link.6192-rc.write.1.tlog
C:\Users\mosdeo\Documents\Visual Studio 2012\Projects\資工系-設計模式\Project5 - Command Pattern\Debug\link.6192.read.1.tlog
C:\Users\mosdeo\Documents\Visual Studio 2012\Projects\資工系-設計模式\Project5 - Command Pattern\Debug\link.6192.write.1.tlog
C:\Users\mosdeo\Documents\Visual Studio 2012\Projects\資工系-設計模式\Project5 - Command Pattern\Debug\link.7324-cvtres.read.1.tlog
C:\Users\mosdeo\Documents\Visual Studio 2012\Projects\資工系-設計模式\Project5 - Command Pattern\Debug\link.7324-cvtres.write.1.tlog
C:\Users\mosdeo\Documents\Visual Studio 2012\Projects\資工系-設計模式\Project5 - Command Pattern\Debug\link.7324-rc.read.1.tlog
C:\Users\mosdeo\Documents\Visual Studio 2012\Projects\資工系-設計模式\Project5 - Command Pattern\Debug\link.7324-rc.write.1.tlog
C:\Users\mosdeo\Documents\Visual Studio 2012\Projects\資工系-設計模式\Project5 - Command Pattern\Debug\link.7324.read.1.tlog
C:\Users\mosdeo\Documents\Visual Studio 2012\Projects\資工系-設計模式\Project5 - Command Pattern\Debug\link.7324.write.1.tlog
C:\Users\mosdeo\Documents\Visual Studio 2012\Projects\資工系-設計模式\Project5 - Command Pattern\Debug\link.7524-cvtres.read.1.tlog
C:\Users\mosdeo\Documents\Visual Studio 2012\Projects\資工系-設計模式\Project5 - Command Pattern\Debug\link.7524-cvtres.write.1.tlog
C:\Users\mosdeo\Documents\Visual Studio 2012\Projects\資工系-設計模式\Project5 - Command Pattern\Debug\link.7524-rc.read.1.tlog
C:\Users\mosdeo\Documents\Visual Studio 2012\Projects\資工系-設計模式\Project5 - Command Pattern\Debug\link.7524-rc.write.1.tlog
C:\Users\mosdeo\Documents\Visual Studio 2012\Projects\資工系-設計模式\Project5 - Command Pattern\Debug\link.7524.read.1.tlog
C:\Users\mosdeo\Documents\Visual Studio 2012\Projects\資工系-設計模式\Project5 - Command Pattern\Debug\link.7524.write.1.tlog
C:\Users\mosdeo\Documents\Visual Studio 2012\Projects\資工系-設計模式\Project5 - Command Pattern\Debug\link.8292-cvtres.read.1.tlog
C:\Users\mosdeo\Documents\Visual Studio 2012\Projects\資工系-設計模式\Project5 - Command Pattern\Debug\link.8292-cvtres.write.1.tlog
C:\Users\mosdeo\Documents\Visual Studio 2012\Projects\資工系-設計模式\Project5 - Command Pattern\Debug\link.8292-rc.read.1.tlog
C:\Users\mosdeo\Documents\Visual Studio 2012\Projects\資工系-設計模式\Project5 - Command Pattern\Debug\link.8292-rc.write.1.tlog
C:\Users\mosdeo\Documents\Visual Studio 2012\Projects\資工系-設計模式\Project5 - Command Pattern\Debug\link.8292.read.1.tlog
C:\Users\mosdeo\Documents\Visual Studio 2012\Projects\資工系-設計模式\Project5 - Command Pattern\Debug\link.8292.write.1.tlog
C:\Users\mosdeo\Documents\Visual Studio 2012\Projects\資工系-設計模式\Project5 - Command Pattern\Debug\link.8412-cvtres.read.1.tlog
C:\Users\mosdeo\Documents\Visual Studio 2012\Projects\資工系-設計模式\Project5 - Command Pattern\Debug\link.8412-cvtres.write.1.tlog
C:\Users\mosdeo\Documents\Visual Studio 2012\Projects\資工系-設計模式\Project5 - Command Pattern\Debug\link.8412-rc.read.1.tlog
C:\Users\mosdeo\Documents\Visual Studio 2012\Projects\資工系-設計模式\Project5 - Command Pattern\Debug\link.8412-rc.write.1.tlog
C:\Users\mosdeo\Documents\Visual Studio 2012\Projects\資工系-設計模式\Project5 - Command Pattern\Debug\link.8412.read.1.tlog
C:\Users\mosdeo\Documents\Visual Studio 2012\Projects\資工系-設計模式\Project5 - Command Pattern\Debug\link.8412.write.1.tlog
C:\Users\mosdeo\Documents\Visual Studio 2012\Projects\資工系-設計模式\Project5 - Command Pattern\Debug\link.8820-cvtres.read.1.tlog
C:\Users\mosdeo\Documents\Visual Studio 2012\Projects\資工系-設計模式\Project5 - Command Pattern\Debug\link.8820-cvtres.write.1.tlog
C:\Users\mosdeo\Documents\Visual Studio 2012\Projects\資工系-設計模式\Project5 - Command Pattern\Debug\link.8820-rc.read.1.tlog
C:\Users\mosdeo\Documents\Visual Studio 2012\Projects\資工系-設計模式\Project5 - Command Pattern\Debug\link.8820-rc.write.1.tlog
C:\Users\mosdeo\Documents\Visual Studio 2012\Projects\資工系-設計模式\Project5 - Command Pattern\Debug\link.8820.read.1.tlog
C:\Users\mosdeo\Documents\Visual Studio 2012\Projects\資工系-設計模式\Project5 - Command Pattern\Debug\link.8820.write.1.tlog
C:\Users\mosdeo\Documents\Visual Studio 2012\Projects\資工系-設計模式\Project5 - Command Pattern\Debug\link.8884-cvtres.read.1.tlog
C:\Users\mosdeo\Documents\Visual Studio 2012\Projects\資工系-設計模式\Project5 - Command Pattern\Debug\link.8884-cvtres.write.1.tlog
C:\Users\mosdeo\Documents\Visual Studio 2012\Projects\資工系-設計模式\Project5 - Command Pattern\Debug\link.8884-rc.read.1.tlog
C:\Users\mosdeo\Documents\Visual Studio 2012\Projects\資工系-設計模式\Project5 - Command Pattern\Debug\link.8884-rc.write.1.tlog
C:\Users\mosdeo\Documents\Visual Studio 2012\Projects\資工系-設計模式\Project5 - Command Pattern\Debug\link.8884.read.1.tlog
C:\Users\mosdeo\Documents\Visual Studio 2012\Projects\資工系-設計模式\Project5 - Command Pattern\Debug\link.8884.write.1.tlog
C:\Users\mosdeo\Documents\Visual Studio 2012\Projects\資工系-設計模式\Project5 - Command Pattern\Debug\link.9688-cvtres.read.1.tlog
C:\Users\mosdeo\Documents\Visual Studio 2012\Projects\資工系-設計模式\Project5 - Command Pattern\Debug\link.9688-cvtres.write.1.tlog
C:\Users\mosdeo\Documents\Visual Studio 2012\Projects\資工系-設計模式\Project5 - Command Pattern\Debug\link.9688-rc.read.1.tlog
C:\Users\mosdeo\Documents\Visual Studio 2012\Projects\資工系-設計模式\Project5 - Command Pattern\Debug\link.9688-rc.write.1.tlog
C:\Users\mosdeo\Documents\Visual Studio 2012\Projects\資工系-設計模式\Project5 - Command Pattern\Debug\link.9688.read.1.tlog
C:\Users\mosdeo\Documents\Visual Studio 2012\Projects\資工系-設計模式\Project5 - Command Pattern\Debug\link.9688.write.1.tlog
C:\Users\mosdeo\Documents\Visual Studio 2012\Projects\資工系-設計模式\Project5 - Command Pattern\Debug\link.command.1.tlog
C:\Users\mosdeo\Documents\Visual Studio 2012\Projects\資工系-設計模式\Project5 - Command Pattern\Debug\link.read.1.tlog
C:\Users\mosdeo\Documents\Visual Studio 2012\Projects\資工系-設計模式\Project5 - Command Pattern\Debug\link.write.1.tlog
C:\Users\mosdeo\Documents\Visual Studio 2012\Projects\資工系-設計模式\Project5 - Command Pattern\Debug\vc110.idb
C:\Users\mosdeo\Documents\Visual Studio 2012\Projects\資工系-設計模式\Project5 - Command Pattern\Debug\vc110.pdb
C:\Users\mosdeo\Documents\Visual Studio 2012\Projects\資工系-設計模式\Debug\Project5 - Command Pattern.pdb
C:\Users\mosdeo\Documents\Visual Studio 2012\Projects\資工系-設計模式\Debug\Project5 - Command Pattern.exe
C:\Users\mosdeo\Documents\Visual Studio 2012\Projects\資工系-設計模式\Debug\Project5 - Command Pattern.ilk
